<?xml version="1.0" encoding="UTF-8"?>
<!-- Generated by org.testng.reporters.JUnitXMLReporter -->
<testsuite hostname="SNYCON-PC" ignored="0" name="Test" tests="5" failures="1" timestamp="13 Jun 2017 09:42:09 GMT" time="110.737" errors="0">
  <testcase name="get1" time="42.784" classname="pom_script.carr_fresh_dis"/>
  <testcase name="get" time="12.469" classname="pom_script.contact_us_dis"/>
  <testcase name="get1" time="14.427" classname="pom_script.career_exp_dis"/>
  <testcase name="g1" time="37.529" classname="pom_script.carr_fresh_exp_job_dis">
    <failure type="org.openqa.selenium.interactions.MoveTargetOutOfBoundsException" message="Offset within element cannot be scrolled into view: (84.5, 15.5): http://192.168.100.8:8080/ICZone/fresherjob
Command duration or timeout: 57 milliseconds
Build info: version: &amp;apos;2.53.0&amp;apos;, revision: &amp;apos;35ae25b&amp;apos;, time: &amp;apos;2016-03-15 16:57:40&amp;apos;
System info: host: &amp;apos;SNYCON-PC&amp;apos;, ip: &amp;apos;192.168.100.15&amp;apos;, os.name: &amp;apos;Windows 7&amp;apos;, os.arch: &amp;apos;x86&amp;apos;, os.version: &amp;apos;6.1&amp;apos;, java.version: &amp;apos;1.7.0_09&amp;apos;
Session ID: a10a0293-2242-4df8-a628-7bdbfba4d284
Driver info: org.openqa.selenium.firefox.FirefoxDriver
Capabilities [{platform=WINDOWS, acceptSslCerts=true, javascriptEnabled=true, cssSelectorsEnabled=true, databaseEnabled=true, browserName=firefox, handlesAlerts=true, nativeEvents=false, webStorageEnabled=true, rotatable=false, locationContextEnabled=true, applicationCacheEnabled=true, takesScreenshot=true, version=45.0.1}]">
      <![CDATA[org.openqa.selenium.interactions.MoveTargetOutOfBoundsException: Offset within element cannot be scrolled into view: (84.5, 15.5): http://192.168.100.8:8080/ICZone/fresherjob
Command duration or timeout: 57 milliseconds
Build info: version: '2.53.0', revision: '35ae25b', time: '2016-03-15 16:57:40'
System info: host: 'SNYCON-PC', ip: '192.168.100.15', os.name: 'Windows 7', os.arch: 'x86', os.version: '6.1', java.version: '1.7.0_09'
Session ID: a10a0293-2242-4df8-a628-7bdbfba4d284
Driver info: org.openqa.selenium.firefox.FirefoxDriver
Capabilities [{platform=WINDOWS, acceptSslCerts=true, javascriptEnabled=true, cssSelectorsEnabled=true, databaseEnabled=true, browserName=firefox, handlesAlerts=true, nativeEvents=false, webStorageEnabled=true, rotatable=false, locationContextEnabled=true, applicationCacheEnabled=true, takesScreenshot=true, version=45.0.1}]
	at org.openqa.selenium.remote.ErrorHandler.createThrowable(ErrorHandler.java:206)
	at org.openqa.selenium.remote.ErrorHandler.throwIfResponseFailed(ErrorHandler.java:158)
	at org.openqa.selenium.remote.RemoteWebDriver.execute(RemoteWebDriver.java:678)
	at org.openqa.selenium.remote.RemoteExecuteMethod.execute(RemoteExecuteMethod.java:35)
	at org.openqa.selenium.remote.RemoteMouse.mouseMove(RemoteMouse.java:89)
	at org.openqa.selenium.interactions.MoveMouseAction.perform(MoveMouseAction.java:39)
	at org.openqa.selenium.interactions.CompositeAction.perform(CompositeAction.java:50)
	at pom_design.carr_fresh_exp_job.get(carr_fresh_exp_job.java:53)
	at pom_script.carr_fresh_exp_job_dis.g1(carr_fresh_exp_job_dis.java:22)
Caused by: org.openqa.selenium.interactions.MoveTargetOutOfBoundsException: Offset within element cannot be scrolled into view: (84.5, 15.5): http://192.168.100.8:8080/ICZone/fresherjob
Build info: version: '2.53.0', revision: '35ae25b', time: '2016-03-15 16:57:40'
System info: host: 'SNYCON-PC', ip: '192.168.100.15', os.name: 'Windows 7', os.arch: 'x86', os.version: '6.1', java.version: '1.7.0_09'
Driver info: driver.version: unknown
	at <anonymous class>.FirefoxDriver.prototype.mouseMoveTo(file:///C:/Users/SNYCON/AppData/Local/Temp/anonymous3908927903037610832webdriver-profile/extensions/fxdriver@googlecode.com/components/driver-component.js:11072)
	at <anonymous class>.DelayedCommand.prototype.executeInternal_/h(file:///C:/Users/SNYCON/AppData/Local/Temp/anonymous3908927903037610832webdriver-profile/extensions/fxdriver@googlecode.com/components/command-processor.js:12661)
	at <anonymous class>.DelayedCommand.prototype.executeInternal_(file:///C:/Users/SNYCON/AppData/Local/Temp/anonymous3908927903037610832webdriver-profile/extensions/fxdriver@googlecode.com/components/command-processor.js:12666)
	at <anonymous class>.DelayedCommand.prototype.execute/<(file:///C:/Users/SNYCON/AppData/Local/Temp/anonymous3908927903037610832webdriver-profile/extensions/fxdriver@googlecode.com/components/command-processor.js:12608)
... Removed 29 stack frames]]>
    </failure>
  </testcase> <!-- g1 -->
  <testcase name="get" time="3.196" classname="pom_script.all_img_dis"/>
</testsuite> <!-- Test -->
